2026-04-14 16:08:08 | ERROR    | task_2.py:122 | Error for Ridham Parmar: '<=' not supported between instances of 'str' and 'datetime.datetime'
Traceback (most recent call last):
  File "/home/kali/email-bot/task_2.py", line 85, in main
    if service.TEMPLATE_JOIN and join_time <= last_run_time:
                                 ^^^^^^^^^^^^^^^^^^^^^^^^^^
TypeError: '<=' not supported between instances of 'str' and 'datetime.datetime'
2026-04-14 16:08:08 | ERROR    | task_2.py:122 | Error for Ridham Parmar: '<=' not supported between instances of 'str' and 'datetime.datetime'
Traceback (most recent call last):
  File "/home/kali/email-bot/task_2.py", line 85, in main
    if service.TEMPLATE_JOIN and join_time <= last_run_time:
                                 ^^^^^^^^^^^^^^^^^^^^^^^^^^
TypeError: '<=' not supported between instances of 'str' and 'datetime.datetime'
2026-04-14 16:08:08 | ERROR    | task_2.py:122 | Error for Akshay Parmar: '<=' not supported between instances of 'str' and 'datetime.datetime'
Traceback (most recent call last):
  File "/home/kali/email-bot/task_2.py", line 85, in main
    if service.TEMPLATE_JOIN and join_time <= last_run_time:
                                 ^^^^^^^^^^^^^^^^^^^^^^^^^^
TypeError: '<=' not supported between instances of 'str' and 'datetime.datetime'
2026-04-14 16:08:08 | ERROR    | task_2.py:122 | Error for Vraj Malaviya: '<=' not supported between instances of 'str' and 'datetime.datetime'
Traceback (most recent call last):
  File "/home/kali/email-bot/task_2.py", line 85, in main
    if service.TEMPLATE_JOIN and join_time <= last_run_time:
                                 ^^^^^^^^^^^^^^^^^^^^^^^^^^
TypeError: '<=' not supported between instances of 'str' and 'datetime.datetime'
2026-04-14 16:08:08 | ERROR    | task_2.py:122 | Error for Ketan Kanzariya: '<=' not supported between instances of 'str' and 'datetime.datetime'
Traceback (most recent call last):
  File "/home/kali/email-bot/task_2.py", line 85, in main
    if service.TEMPLATE_JOIN and join_time <= last_run_time:
                                 ^^^^^^^^^^^^^^^^^^^^^^^^^^
TypeError: '<=' not supported between instances of 'str' and 'datetime.datetime'
2026-04-14 16:08:08 | ERROR    | task_2.py:122 | Error for Bhavy Karavadia: '<=' not supported between instances of 'str' and 'datetime.datetime'
Traceback (most recent call last):
  File "/home/kali/email-bot/task_2.py", line 85, in main
    if service.TEMPLATE_JOIN and join_time <= last_run_time:
                                 ^^^^^^^^^^^^^^^^^^^^^^^^^^
TypeError: '<=' not supported between instances of 'str' and 'datetime.datetime'
2026-04-14 16:08:08 | ERROR    | task_2.py:122 | Error for Akshay parmar: '<=' not supported between instances of 'str' and 'datetime.datetime'
Traceback (most recent call last):
  File "/home/kali/email-bot/task_2.py", line 85, in main
    if service.TEMPLATE_JOIN and join_time <= last_run_time:
                                 ^^^^^^^^^^^^^^^^^^^^^^^^^^
TypeError: '<=' not supported between instances of 'str' and 'datetime.datetime'
2026-04-14 16:08:08 | ERROR    | task_2.py:122 | Error for Parmar Manish: '<=' not supported between instances of 'str' and 'datetime.datetime'
Traceback (most recent call last):
  File "/home/kali/email-bot/task_2.py", line 85, in main
    if service.TEMPLATE_JOIN and join_time <= last_run_time:
                                 ^^^^^^^^^^^^^^^^^^^^^^^^^^
TypeError: '<=' not supported between instances of 'str' and 'datetime.datetime'
2026-04-14 16:08:08 | ERROR    | task_2.py:122 | Error for Nitin Parmar: '<=' not supported between instances of 'str' and 'datetime.datetime'
Traceback (most recent call last):
  File "/home/kali/email-bot/task_2.py", line 85, in main
    if service.TEMPLATE_JOIN and join_time <= last_run_time:
                                 ^^^^^^^^^^^^^^^^^^^^^^^^^^
TypeError: '<=' not supported between instances of 'str' and 'datetime.datetime'
2026-04-14 16:08:08 | ERROR    | task_2.py:122 | Error for Nitin Parmar: '<=' not supported between instances of 'str' and 'datetime.datetime'
Traceback (most recent call last):
  File "/home/kali/email-bot/task_2.py", line 85, in main
    if service.TEMPLATE_JOIN and join_time <= last_run_time:
                                 ^^^^^^^^^^^^^^^^^^^^^^^^^^
TypeError: '<=' not supported between instances of 'str' and 'datetime.datetime'
2026-04-14 16:08:08 | ERROR    | task_2.py:122 | Error for Vyas Krut: '<=' not supported between instances of 'str' and 'datetime.datetime'
Traceback (most recent call last):
  File "/home/kali/email-bot/task_2.py", line 85, in main
    if service.TEMPLATE_JOIN and join_time <= last_run_time:
                                 ^^^^^^^^^^^^^^^^^^^^^^^^^^
TypeError: '<=' not supported between instances of 'str' and 'datetime.datetime'
2026-04-14 16:08:08 | ERROR    | task_2.py:122 | Error for Jaydeep: '<=' not supported between instances of 'str' and 'datetime.datetime'
Traceback (most recent call last):
  File "/home/kali/email-bot/task_2.py", line 85, in main
    if service.TEMPLATE_JOIN and join_time <= last_run_time:
                                 ^^^^^^^^^^^^^^^^^^^^^^^^^^
TypeError: '<=' not supported between instances of 'str' and 'datetime.datetime'
2026-04-14 16:08:08 | ERROR    | task_2.py:122 | Error for Saresa shreyansh: '<=' not supported between instances of 'str' and 'datetime.datetime'
Traceback (most recent call last):
  File "/home/kali/email-bot/task_2.py", line 85, in main
    if service.TEMPLATE_JOIN and join_time <= last_run_time:
                                 ^^^^^^^^^^^^^^^^^^^^^^^^^^
TypeError: '<=' not supported between instances of 'str' and 'datetime.datetime'
2026-04-14 16:08:08 | ERROR    | task_2.py:122 | Error for Ridham Parmar: '<=' not supported between instances of 'str' and 'datetime.datetime'
Traceback (most recent call last):
  File "/home/kali/email-bot/task_2.py", line 85, in main
    if service.TEMPLATE_JOIN and join_time <= last_run_time:
                                 ^^^^^^^^^^^^^^^^^^^^^^^^^^
TypeError: '<=' not supported between instances of 'str' and 'datetime.datetime'
2026-04-14 16:08:08 | ERROR    | task_2.py:122 | Error for Krutarth Jotangiya: '<=' not supported between instances of 'str' and 'datetime.datetime'
Traceback (most recent call last):
  File "/home/kali/email-bot/task_2.py", line 85, in main
    if service.TEMPLATE_JOIN and join_time <= last_run_time:
                                 ^^^^^^^^^^^^^^^^^^^^^^^^^^
TypeError: '<=' not supported between instances of 'str' and 'datetime.datetime'
2026-04-14 16:08:08 | ERROR    | task_2.py:122 | Error for Patadiya jenish: '<=' not supported between instances of 'str' and 'datetime.datetime'
Traceback (most recent call last):
  File "/home/kali/email-bot/task_2.py", line 85, in main
    if service.TEMPLATE_JOIN and join_time <= last_run_time:
                                 ^^^^^^^^^^^^^^^^^^^^^^^^^^
TypeError: '<=' not supported between instances of 'str' and 'datetime.datetime'
2026-04-14 16:08:08 | ERROR    | task_2.py:122 | Error for Harshad Parmar: '<=' not supported between instances of 'str' and 'datetime.datetime'
Traceback (most recent call last):
  File "/home/kali/email-bot/task_2.py", line 85, in main
    if service.TEMPLATE_JOIN and join_time <= last_run_time:
                                 ^^^^^^^^^^^^^^^^^^^^^^^^^^
TypeError: '<=' not supported between instances of 'str' and 'datetime.datetime'
2026-04-14 16:08:08 | ERROR    | task_2.py:122 | Error for Ashokbhai Parmar: '<=' not supported between instances of 'str' and 'datetime.datetime'
Traceback (most recent call last):
  File "/home/kali/email-bot/task_2.py", line 85, in main
    if service.TEMPLATE_JOIN and join_time <= last_run_time:
                                 ^^^^^^^^^^^^^^^^^^^^^^^^^^
TypeError: '<=' not supported between instances of 'str' and 'datetime.datetime'
2026-04-14 16:08:08 | ERROR    | task_2.py:122 | Error for Vivek Bhindora: '<=' not supported between instances of 'str' and 'datetime.datetime'
Traceback (most recent call last):
  File "/home/kali/email-bot/task_2.py", line 85, in main
    if service.TEMPLATE_JOIN and join_time <= last_run_time:
                                 ^^^^^^^^^^^^^^^^^^^^^^^^^^
TypeError: '<=' not supported between instances of 'str' and 'datetime.datetime'
2026-04-14 16:08:08 | ERROR    | task_2.py:122 | Error for Suthar parth: '<=' not supported between instances of 'str' and 'datetime.datetime'
Traceback (most recent call last):
  File "/home/kali/email-bot/task_2.py", line 85, in main
    if service.TEMPLATE_JOIN and join_time <= last_run_time:
                                 ^^^^^^^^^^^^^^^^^^^^^^^^^^
TypeError: '<=' not supported between instances of 'str' and 'datetime.datetime'
2026-04-14 16:08:08 | ERROR    | task_2.py:122 | Error for Dipali Parmar: '<=' not supported between instances of 'str' and 'datetime.datetime'
Traceback (most recent call last):
  File "/home/kali/email-bot/task_2.py", line 85, in main
    if service.TEMPLATE_JOIN and join_time <= last_run_time:
                                 ^^^^^^^^^^^^^^^^^^^^^^^^^^
TypeError: '<=' not supported between instances of 'str' and 'datetime.datetime'
2026-04-14 16:08:08 | ERROR    | task_2.py:122 | Error for Manthan Jivani: '<=' not supported between instances of 'str' and 'datetime.datetime'
Traceback (most recent call last):
  File "/home/kali/email-bot/task_2.py", line 85, in main
    if service.TEMPLATE_JOIN and join_time <= last_run_time:
                                 ^^^^^^^^^^^^^^^^^^^^^^^^^^
TypeError: '<=' not supported between instances of 'str' and 'datetime.datetime'
2026-04-14 16:08:08 | ERROR    | task_2.py:122 | Error for Akash Siddhpura: '<=' not supported between instances of 'str' and 'datetime.datetime'
Traceback (most recent call last):
  File "/home/kali/email-bot/task_2.py", line 85, in main
    if service.TEMPLATE_JOIN and join_time <= last_run_time:
                                 ^^^^^^^^^^^^^^^^^^^^^^^^^^
TypeError: '<=' not supported between instances of 'str' and 'datetime.datetime'
2026-04-14 16:08:08 | ERROR    | task_2.py:122 | Error for Heet Dervadiya: '<=' not supported between instances of 'str' and 'datetime.datetime'
Traceback (most recent call last):
  File "/home/kali/email-bot/task_2.py", line 85, in main
    if service.TEMPLATE_JOIN and join_time <= last_run_time:
                                 ^^^^^^^^^^^^^^^^^^^^^^^^^^
TypeError: '<=' not supported between instances of 'str' and 'datetime.datetime'
2026-04-14 16:08:08 | ERROR    | task_2.py:122 | Error for Bhagyashree Vaghela: '<=' not supported between instances of 'str' and 'datetime.datetime'
Traceback (most recent call last):
  File "/home/kali/email-bot/task_2.py", line 85, in main
    if service.TEMPLATE_JOIN and join_time <= last_run_time:
                                 ^^^^^^^^^^^^^^^^^^^^^^^^^^
TypeError: '<=' not supported between instances of 'str' and 'datetime.datetime'
2026-04-14 16:08:08 | ERROR    | task_2.py:122 | Error for Ridham Parmar: '<=' not supported between instances of 'str' and 'datetime.datetime'
Traceback (most recent call last):
  File "/home/kali/email-bot/task_2.py", line 85, in main
    if service.TEMPLATE_JOIN and join_time <= last_run_time:
                                 ^^^^^^^^^^^^^^^^^^^^^^^^^^
TypeError: '<=' not supported between instances of 'str' and 'datetime.datetime'
2026-04-14 16:08:08 | ERROR    | task_2.py:122 | Error for Man Makvana: '<=' not supported between instances of 'str' and 'datetime.datetime'
Traceback (most recent call last):
  File "/home/kali/email-bot/task_2.py", line 85, in main
    if service.TEMPLATE_JOIN and join_time <= last_run_time:
                                 ^^^^^^^^^^^^^^^^^^^^^^^^^^
TypeError: '<=' not supported between instances of 'str' and 'datetime.datetime'
2026-04-14 16:08:08 | ERROR    | task_2.py:122 | Error for Ridham Degda: '<=' not supported between instances of 'str' and 'datetime.datetime'
Traceback (most recent call last):
  File "/home/kali/email-bot/task_2.py", line 85, in main
    if service.TEMPLATE_JOIN and join_time <= last_run_time:
                                 ^^^^^^^^^^^^^^^^^^^^^^^^^^
TypeError: '<=' not supported between instances of 'str' and 'datetime.datetime'
2026-04-14 16:08:08 | ERROR    | task_2.py:122 | Error for Sarena Priyank Rajeshbhai: '<=' not supported between instances of 'str' and 'datetime.datetime'
Traceback (most recent call last):
  File "/home/kali/email-bot/task_2.py", line 85, in main
    if service.TEMPLATE_JOIN and join_time <= last_run_time:
                                 ^^^^^^^^^^^^^^^^^^^^^^^^^^
TypeError: '<=' not supported between instances of 'str' and 'datetime.datetime'
2026-04-14 16:08:08 | ERROR    | task_2.py:122 | Error for Shekhada preyash: '<=' not supported between instances of 'str' and 'datetime.datetime'
Traceback (most recent call last):
  File "/home/kali/email-bot/task_2.py", line 85, in main
    if service.TEMPLATE_JOIN and join_time <= last_run_time:
                                 ^^^^^^^^^^^^^^^^^^^^^^^^^^
TypeError: '<=' not supported between instances of 'str' and 'datetime.datetime'
2026-04-14 16:08:08 | ERROR    | task_2.py:122 | Error for Manan Vaghela: '<=' not supported between instances of 'str' and 'datetime.datetime'
Traceback (most recent call last):
  File "/home/kali/email-bot/task_2.py", line 85, in main
    if service.TEMPLATE_JOIN and join_time <= last_run_time:
                                 ^^^^^^^^^^^^^^^^^^^^^^^^^^
TypeError: '<=' not supported between instances of 'str' and 'datetime.datetime'
2026-04-14 16:08:08 | ERROR    | task_2.py:122 | Error for Manthan Jivani: '<=' not supported between instances of 'str' and 'datetime.datetime'
Traceback (most recent call last):
  File "/home/kali/email-bot/task_2.py", line 85, in main
    if service.TEMPLATE_JOIN and join_time <= last_run_time:
                                 ^^^^^^^^^^^^^^^^^^^^^^^^^^
TypeError: '<=' not supported between instances of 'str' and 'datetime.datetime'
2026-04-14 16:08:08 | ERROR    | task_2.py:122 | Error for Nitin Parmar: '<=' not supported between instances of 'str' and 'datetime.datetime'
Traceback (most recent call last):
  File "/home/kali/email-bot/task_2.py", line 85, in main
    if service.TEMPLATE_JOIN and join_time <= last_run_time:
                                 ^^^^^^^^^^^^^^^^^^^^^^^^^^
TypeError: '<=' not supported between instances of 'str' and 'datetime.datetime'
2026-04-14 16:08:08 | ERROR    | task_2.py:122 | Error for Ridham Parmar: '<=' not supported between instances of 'str' and 'datetime.datetime'
Traceback (most recent call last):
  File "/home/kali/email-bot/task_2.py", line 85, in main
    if service.TEMPLATE_JOIN and join_time <= last_run_time:
                                 ^^^^^^^^^^^^^^^^^^^^^^^^^^
TypeError: '<=' not supported between instances of 'str' and 'datetime.datetime'
2026-04-14 16:08:08 | ERROR    | task_2.py:122 | Error for Dipali Parmar H.: '<=' not supported between instances of 'str' and 'datetime.datetime'
Traceback (most recent call last):
  File "/home/kali/email-bot/task_2.py", line 85, in main
    if service.TEMPLATE_JOIN and join_time <= last_run_time:
                                 ^^^^^^^^^^^^^^^^^^^^^^^^^^
TypeError: '<=' not supported between instances of 'str' and 'datetime.datetime'
2026-04-14 16:08:08 | ERROR    | task_2.py:122 | Error for Modhavaniya Keval: '<=' not supported between instances of 'str' and 'datetime.datetime'
Traceback (most recent call last):
  File "/home/kali/email-bot/task_2.py", line 85, in main
    if service.TEMPLATE_JOIN and join_time <= last_run_time:
                                 ^^^^^^^^^^^^^^^^^^^^^^^^^^
TypeError: '<=' not supported between instances of 'str' and 'datetime.datetime'
2026-04-14 16:08:08 | ERROR    | task_2.py:122 | Error for Shivam Pithadiya: '<=' not supported between instances of 'str' and 'datetime.datetime'
Traceback (most recent call last):
  File "/home/kali/email-bot/task_2.py", line 85, in main
    if service.TEMPLATE_JOIN and join_time <= last_run_time:
                                 ^^^^^^^^^^^^^^^^^^^^^^^^^^
TypeError: '<=' not supported between instances of 'str' and 'datetime.datetime'
2026-04-14 16:11:20 | ERROR    | task_2.py:122 | Error for Ridham Parmar: '<=' not supported between instances of 'str' and 'datetime.datetime'
Traceback (most recent call last):
  File "/home/kali/email-bot/task_2.py", line 85, in main
    if service.TEMPLATE_JOIN and join_time <= last_run_time:
                                 ^^^^^^^^^^^^^^^^^^^^^^^^^^
TypeError: '<=' not supported between instances of 'str' and 'datetime.datetime'
2026-04-14 16:11:20 | ERROR    | task_2.py:122 | Error for Ridham Parmar: '<=' not supported between instances of 'str' and 'datetime.datetime'
Traceback (most recent call last):
  File "/home/kali/email-bot/task_2.py", line 85, in main
    if service.TEMPLATE_JOIN and join_time <= last_run_time:
                                 ^^^^^^^^^^^^^^^^^^^^^^^^^^
TypeError: '<=' not supported between instances of 'str' and 'datetime.datetime'
2026-04-14 16:11:20 | ERROR    | task_2.py:122 | Error for Akshay Parmar: '<=' not supported between instances of 'str' and 'datetime.datetime'
Traceback (most recent call last):
  File "/home/kali/email-bot/task_2.py", line 85, in main
    if service.TEMPLATE_JOIN and join_time <= last_run_time:
                                 ^^^^^^^^^^^^^^^^^^^^^^^^^^
TypeError: '<=' not supported between instances of 'str' and 'datetime.datetime'
2026-04-14 16:11:20 | ERROR    | task_2.py:122 | Error for Vraj Malaviya: '<=' not supported between instances of 'str' and 'datetime.datetime'
Traceback (most recent call last):
  File "/home/kali/email-bot/task_2.py", line 85, in main
    if service.TEMPLATE_JOIN and join_time <= last_run_time:
                                 ^^^^^^^^^^^^^^^^^^^^^^^^^^
TypeError: '<=' not supported between instances of 'str' and 'datetime.datetime'
2026-04-14 16:11:20 | ERROR    | task_2.py:122 | Error for Ketan Kanzariya: '<=' not supported between instances of 'str' and 'datetime.datetime'
Traceback (most recent call last):
  File "/home/kali/email-bot/task_2.py", line 85, in main
    if service.TEMPLATE_JOIN and join_time <= last_run_time:
                                 ^^^^^^^^^^^^^^^^^^^^^^^^^^
TypeError: '<=' not supported between instances of 'str' and 'datetime.datetime'
2026-04-14 16:11:20 | ERROR    | task_2.py:122 | Error for Bhavy Karavadia: '<=' not supported between instances of 'str' and 'datetime.datetime'
Traceback (most recent call last):
  File "/home/kali/email-bot/task_2.py", line 85, in main
    if service.TEMPLATE_JOIN and join_time <= last_run_time:
                                 ^^^^^^^^^^^^^^^^^^^^^^^^^^
TypeError: '<=' not supported between instances of 'str' and 'datetime.datetime'
2026-04-14 16:11:20 | ERROR    | task_2.py:122 | Error for Akshay parmar: '<=' not supported between instances of 'str' and 'datetime.datetime'
Traceback (most recent call last):
  File "/home/kali/email-bot/task_2.py", line 85, in main
    if service.TEMPLATE_JOIN and join_time <= last_run_time:
                                 ^^^^^^^^^^^^^^^^^^^^^^^^^^
TypeError: '<=' not supported between instances of 'str' and 'datetime.datetime'
2026-04-14 16:11:20 | ERROR    | task_2.py:122 | Error for Parmar Manish: '<=' not supported between instances of 'str' and 'datetime.datetime'
Traceback (most recent call last):
  File "/home/kali/email-bot/task_2.py", line 85, in main
    if service.TEMPLATE_JOIN and join_time <= last_run_time:
                                 ^^^^^^^^^^^^^^^^^^^^^^^^^^
TypeError: '<=' not supported between instances of 'str' and 'datetime.datetime'
2026-04-14 16:11:20 | ERROR    | task_2.py:122 | Error for Nitin Parmar: '<=' not supported between instances of 'str' and 'datetime.datetime'
Traceback (most recent call last):
  File "/home/kali/email-bot/task_2.py", line 85, in main
    if service.TEMPLATE_JOIN and join_time <= last_run_time:
                                 ^^^^^^^^^^^^^^^^^^^^^^^^^^
TypeError: '<=' not supported between instances of 'str' and 'datetime.datetime'
2026-04-14 16:11:20 | ERROR    | task_2.py:122 | Error for Nitin Parmar: '<=' not supported between instances of 'str' and 'datetime.datetime'
Traceback (most recent call last):
  File "/home/kali/email-bot/task_2.py", line 85, in main
    if service.TEMPLATE_JOIN and join_time <= last_run_time:
                                 ^^^^^^^^^^^^^^^^^^^^^^^^^^
TypeError: '<=' not supported between instances of 'str' and 'datetime.datetime'
2026-04-14 16:11:20 | ERROR    | task_2.py:122 | Error for Vyas Krut: '<=' not supported between instances of 'str' and 'datetime.datetime'
Traceback (most recent call last):
  File "/home/kali/email-bot/task_2.py", line 85, in main
    if service.TEMPLATE_JOIN and join_time <= last_run_time:
                                 ^^^^^^^^^^^^^^^^^^^^^^^^^^
TypeError: '<=' not supported between instances of 'str' and 'datetime.datetime'
2026-04-14 16:11:20 | ERROR    | task_2.py:122 | Error for Jaydeep: '<=' not supported between instances of 'str' and 'datetime.datetime'
Traceback (most recent call last):
  File "/home/kali/email-bot/task_2.py", line 85, in main
    if service.TEMPLATE_JOIN and join_time <= last_run_time:
                                 ^^^^^^^^^^^^^^^^^^^^^^^^^^
TypeError: '<=' not supported between instances of 'str' and 'datetime.datetime'
2026-04-14 16:11:20 | ERROR    | task_2.py:122 | Error for Saresa shreyansh: '<=' not supported between instances of 'str' and 'datetime.datetime'
Traceback (most recent call last):
  File "/home/kali/email-bot/task_2.py", line 85, in main
    if service.TEMPLATE_JOIN and join_time <= last_run_time:
                                 ^^^^^^^^^^^^^^^^^^^^^^^^^^
TypeError: '<=' not supported between instances of 'str' and 'datetime.datetime'
2026-04-14 16:11:20 | ERROR    | task_2.py:122 | Error for Ridham Parmar: '<=' not supported between instances of 'str' and 'datetime.datetime'
Traceback (most recent call last):
  File "/home/kali/email-bot/task_2.py", line 85, in main
    if service.TEMPLATE_JOIN and join_time <= last_run_time:
                                 ^^^^^^^^^^^^^^^^^^^^^^^^^^
TypeError: '<=' not supported between instances of 'str' and 'datetime.datetime'
2026-04-14 16:11:20 | ERROR    | task_2.py:122 | Error for Krutarth Jotangiya: '<=' not supported between instances of 'str' and 'datetime.datetime'
Traceback (most recent call last):
  File "/home/kali/email-bot/task_2.py", line 85, in main
    if service.TEMPLATE_JOIN and join_time <= last_run_time:
                                 ^^^^^^^^^^^^^^^^^^^^^^^^^^
TypeError: '<=' not supported between instances of 'str' and 'datetime.datetime'
2026-04-14 16:11:20 | ERROR    | task_2.py:122 | Error for Patadiya jenish: '<=' not supported between instances of 'str' and 'datetime.datetime'
Traceback (most recent call last):
  File "/home/kali/email-bot/task_2.py", line 85, in main
    if service.TEMPLATE_JOIN and join_time <= last_run_time:
                                 ^^^^^^^^^^^^^^^^^^^^^^^^^^
TypeError: '<=' not supported between instances of 'str' and 'datetime.datetime'
2026-04-14 16:11:20 | ERROR    | task_2.py:122 | Error for Harshad Parmar: '<=' not supported between instances of 'str' and 'datetime.datetime'
Traceback (most recent call last):
  File "/home/kali/email-bot/task_2.py", line 85, in main
    if service.TEMPLATE_JOIN and join_time <= last_run_time:
                                 ^^^^^^^^^^^^^^^^^^^^^^^^^^
TypeError: '<=' not supported between instances of 'str' and 'datetime.datetime'
2026-04-14 16:11:20 | ERROR    | task_2.py:122 | Error for Ashokbhai Parmar: '<=' not supported between instances of 'str' and 'datetime.datetime'
Traceback (most recent call last):
  File "/home/kali/email-bot/task_2.py", line 85, in main
    if service.TEMPLATE_JOIN and join_time <= last_run_time:
                                 ^^^^^^^^^^^^^^^^^^^^^^^^^^
TypeError: '<=' not supported between instances of 'str' and 'datetime.datetime'
2026-04-14 16:11:20 | ERROR    | task_2.py:122 | Error for Vivek Bhindora: '<=' not supported between instances of 'str' and 'datetime.datetime'
Traceback (most recent call last):
  File "/home/kali/email-bot/task_2.py", line 85, in main
    if service.TEMPLATE_JOIN and join_time <= last_run_time:
                                 ^^^^^^^^^^^^^^^^^^^^^^^^^^
TypeError: '<=' not supported between instances of 'str' and 'datetime.datetime'
2026-04-14 16:11:20 | ERROR    | task_2.py:122 | Error for Suthar parth: '<=' not supported between instances of 'str' and 'datetime.datetime'
Traceback (most recent call last):
  File "/home/kali/email-bot/task_2.py", line 85, in main
    if service.TEMPLATE_JOIN and join_time <= last_run_time:
                                 ^^^^^^^^^^^^^^^^^^^^^^^^^^
TypeError: '<=' not supported between instances of 'str' and 'datetime.datetime'
2026-04-14 16:11:20 | ERROR    | task_2.py:122 | Error for Dipali Parmar: '<=' not supported between instances of 'str' and 'datetime.datetime'
Traceback (most recent call last):
  File "/home/kali/email-bot/task_2.py", line 85, in main
    if service.TEMPLATE_JOIN and join_time <= last_run_time:
                                 ^^^^^^^^^^^^^^^^^^^^^^^^^^
TypeError: '<=' not supported between instances of 'str' and 'datetime.datetime'
2026-04-14 16:11:20 | ERROR    | task_2.py:122 | Error for Manthan Jivani: '<=' not supported between instances of 'str' and 'datetime.datetime'
Traceback (most recent call last):
  File "/home/kali/email-bot/task_2.py", line 85, in main
    if service.TEMPLATE_JOIN and join_time <= last_run_time:
                                 ^^^^^^^^^^^^^^^^^^^^^^^^^^
TypeError: '<=' not supported between instances of 'str' and 'datetime.datetime'
2026-04-14 16:11:20 | ERROR    | task_2.py:122 | Error for Akash Siddhpura: '<=' not supported between instances of 'str' and 'datetime.datetime'
Traceback (most recent call last):
  File "/home/kali/email-bot/task_2.py", line 85, in main
    if service.TEMPLATE_JOIN and join_time <= last_run_time:
                                 ^^^^^^^^^^^^^^^^^^^^^^^^^^
TypeError: '<=' not supported between instances of 'str' and 'datetime.datetime'
2026-04-14 16:11:20 | ERROR    | task_2.py:122 | Error for Heet Dervadiya: '<=' not supported between instances of 'str' and 'datetime.datetime'
Traceback (most recent call last):
  File "/home/kali/email-bot/task_2.py", line 85, in main
    if service.TEMPLATE_JOIN and join_time <= last_run_time:
                                 ^^^^^^^^^^^^^^^^^^^^^^^^^^
TypeError: '<=' not supported between instances of 'str' and 'datetime.datetime'
2026-04-14 16:11:20 | ERROR    | task_2.py:122 | Error for Bhagyashree Vaghela: '<=' not supported between instances of 'str' and 'datetime.datetime'
Traceback (most recent call last):
  File "/home/kali/email-bot/task_2.py", line 85, in main
    if service.TEMPLATE_JOIN and join_time <= last_run_time:
                                 ^^^^^^^^^^^^^^^^^^^^^^^^^^
TypeError: '<=' not supported between instances of 'str' and 'datetime.datetime'
2026-04-14 16:11:20 | ERROR    | task_2.py:122 | Error for Ridham Parmar: '<=' not supported between instances of 'str' and 'datetime.datetime'
Traceback (most recent call last):
  File "/home/kali/email-bot/task_2.py", line 85, in main
    if service.TEMPLATE_JOIN and join_time <= last_run_time:
                                 ^^^^^^^^^^^^^^^^^^^^^^^^^^
TypeError: '<=' not supported between instances of 'str' and 'datetime.datetime'
2026-04-14 16:11:20 | ERROR    | task_2.py:122 | Error for Man Makvana: '<=' not supported between instances of 'str' and 'datetime.datetime'
Traceback (most recent call last):
  File "/home/kali/email-bot/task_2.py", line 85, in main
    if service.TEMPLATE_JOIN and join_time <= last_run_time:
                                 ^^^^^^^^^^^^^^^^^^^^^^^^^^
TypeError: '<=' not supported between instances of 'str' and 'datetime.datetime'
2026-04-14 16:11:20 | ERROR    | task_2.py:122 | Error for Ridham Degda: '<=' not supported between instances of 'str' and 'datetime.datetime'
Traceback (most recent call last):
  File "/home/kali/email-bot/task_2.py", line 85, in main
    if service.TEMPLATE_JOIN and join_time <= last_run_time:
                                 ^^^^^^^^^^^^^^^^^^^^^^^^^^
TypeError: '<=' not supported between instances of 'str' and 'datetime.datetime'
2026-04-14 16:11:20 | ERROR    | task_2.py:122 | Error for Sarena Priyank Rajeshbhai: '<=' not supported between instances of 'str' and 'datetime.datetime'
Traceback (most recent call last):
  File "/home/kali/email-bot/task_2.py", line 85, in main
    if service.TEMPLATE_JOIN and join_time <= last_run_time:
                                 ^^^^^^^^^^^^^^^^^^^^^^^^^^
TypeError: '<=' not supported between instances of 'str' and 'datetime.datetime'
2026-04-14 16:11:20 | ERROR    | task_2.py:122 | Error for Shekhada preyash: '<=' not supported between instances of 'str' and 'datetime.datetime'
Traceback (most recent call last):
  File "/home/kali/email-bot/task_2.py", line 85, in main
    if service.TEMPLATE_JOIN and join_time <= last_run_time:
                                 ^^^^^^^^^^^^^^^^^^^^^^^^^^
TypeError: '<=' not supported between instances of 'str' and 'datetime.datetime'
2026-04-14 16:11:20 | ERROR    | task_2.py:122 | Error for Manan Vaghela: '<=' not supported between instances of 'str' and 'datetime.datetime'
Traceback (most recent call last):
  File "/home/kali/email-bot/task_2.py", line 85, in main
    if service.TEMPLATE_JOIN and join_time <= last_run_time:
                                 ^^^^^^^^^^^^^^^^^^^^^^^^^^
TypeError: '<=' not supported between instances of 'str' and 'datetime.datetime'
2026-04-14 16:11:20 | ERROR    | task_2.py:122 | Error for Manthan Jivani: '<=' not supported between instances of 'str' and 'datetime.datetime'
Traceback (most recent call last):
  File "/home/kali/email-bot/task_2.py", line 85, in main
    if service.TEMPLATE_JOIN and join_time <= last_run_time:
                                 ^^^^^^^^^^^^^^^^^^^^^^^^^^
TypeError: '<=' not supported between instances of 'str' and 'datetime.datetime'
2026-04-14 16:11:20 | ERROR    | task_2.py:122 | Error for Nitin Parmar: '<=' not supported between instances of 'str' and 'datetime.datetime'
Traceback (most recent call last):
  File "/home/kali/email-bot/task_2.py", line 85, in main
    if service.TEMPLATE_JOIN and join_time <= last_run_time:
                                 ^^^^^^^^^^^^^^^^^^^^^^^^^^
TypeError: '<=' not supported between instances of 'str' and 'datetime.datetime'
2026-04-14 16:11:20 | ERROR    | task_2.py:122 | Error for Ridham Parmar: '<=' not supported between instances of 'str' and 'datetime.datetime'
Traceback (most recent call last):
  File "/home/kali/email-bot/task_2.py", line 85, in main
    if service.TEMPLATE_JOIN and join_time <= last_run_time:
                                 ^^^^^^^^^^^^^^^^^^^^^^^^^^
TypeError: '<=' not supported between instances of 'str' and 'datetime.datetime'
2026-04-14 16:11:20 | ERROR    | task_2.py:122 | Error for Dipali Parmar H.: '<=' not supported between instances of 'str' and 'datetime.datetime'
Traceback (most recent call last):
  File "/home/kali/email-bot/task_2.py", line 85, in main
    if service.TEMPLATE_JOIN and join_time <= last_run_time:
                                 ^^^^^^^^^^^^^^^^^^^^^^^^^^
TypeError: '<=' not supported between instances of 'str' and 'datetime.datetime'
2026-04-14 16:11:20 | ERROR    | task_2.py:122 | Error for Modhavaniya Keval: '<=' not supported between instances of 'str' and 'datetime.datetime'
Traceback (most recent call last):
  File "/home/kali/email-bot/task_2.py", line 85, in main
    if service.TEMPLATE_JOIN and join_time <= last_run_time:
                                 ^^^^^^^^^^^^^^^^^^^^^^^^^^
TypeError: '<=' not supported between instances of 'str' and 'datetime.datetime'
2026-04-14 16:11:20 | ERROR    | task_2.py:122 | Error for Shivam Pithadiya: '<=' not supported between instances of 'str' and 'datetime.datetime'
Traceback (most recent call last):
  File "/home/kali/email-bot/task_2.py", line 85, in main
    if service.TEMPLATE_JOIN and join_time <= last_run_time:
                                 ^^^^^^^^^^^^^^^^^^^^^^^^^^
TypeError: '<=' not supported between instances of 'str' and 'datetime.datetime'
2026-04-14 16:13:26 | ERROR    | task_2.py:122 | Error for Ridham Parmar: '>' not supported between instances of 'str' and 'datetime.datetime'
Traceback (most recent call last):
  File "/home/kali/email-bot/task_2.py", line 85, in main
    if service.TEMPLATE_JOIN and join_time > last_run_time:
                                 ^^^^^^^^^^^^^^^^^^^^^^^^^
TypeError: '>' not supported between instances of 'str' and 'datetime.datetime'
2026-04-14 16:13:26 | ERROR    | task_2.py:122 | Error for Ridham Parmar: '>' not supported between instances of 'str' and 'datetime.datetime'
Traceback (most recent call last):
  File "/home/kali/email-bot/task_2.py", line 85, in main
    if service.TEMPLATE_JOIN and join_time > last_run_time:
                                 ^^^^^^^^^^^^^^^^^^^^^^^^^
TypeError: '>' not supported between instances of 'str' and 'datetime.datetime'
2026-04-14 16:13:26 | ERROR    | task_2.py:122 | Error for Akshay Parmar: '>' not supported between instances of 'str' and 'datetime.datetime'
Traceback (most recent call last):
  File "/home/kali/email-bot/task_2.py", line 85, in main
    if service.TEMPLATE_JOIN and join_time > last_run_time:
                                 ^^^^^^^^^^^^^^^^^^^^^^^^^
TypeError: '>' not supported between instances of 'str' and 'datetime.datetime'
2026-04-14 16:13:26 | ERROR    | task_2.py:122 | Error for Vraj Malaviya: '>' not supported between instances of 'str' and 'datetime.datetime'
Traceback (most recent call last):
  File "/home/kali/email-bot/task_2.py", line 85, in main
    if service.TEMPLATE_JOIN and join_time > last_run_time:
                                 ^^^^^^^^^^^^^^^^^^^^^^^^^
TypeError: '>' not supported between instances of 'str' and 'datetime.datetime'
2026-04-14 16:13:26 | ERROR    | task_2.py:122 | Error for Ketan Kanzariya: '>' not supported between instances of 'str' and 'datetime.datetime'
Traceback (most recent call last):
  File "/home/kali/email-bot/task_2.py", line 85, in main
    if service.TEMPLATE_JOIN and join_time > last_run_time:
                                 ^^^^^^^^^^^^^^^^^^^^^^^^^
TypeError: '>' not supported between instances of 'str' and 'datetime.datetime'
2026-04-14 16:13:26 | ERROR    | task_2.py:122 | Error for Bhavy Karavadia: '>' not supported between instances of 'str' and 'datetime.datetime'
Traceback (most recent call last):
  File "/home/kali/email-bot/task_2.py", line 85, in main
    if service.TEMPLATE_JOIN and join_time > last_run_time:
                                 ^^^^^^^^^^^^^^^^^^^^^^^^^
TypeError: '>' not supported between instances of 'str' and 'datetime.datetime'
2026-04-14 16:13:26 | ERROR    | task_2.py:122 | Error for Akshay parmar: '>' not supported between instances of 'str' and 'datetime.datetime'
Traceback (most recent call last):
  File "/home/kali/email-bot/task_2.py", line 85, in main
    if service.TEMPLATE_JOIN and join_time > last_run_time:
                                 ^^^^^^^^^^^^^^^^^^^^^^^^^
TypeError: '>' not supported between instances of 'str' and 'datetime.datetime'
2026-04-14 16:13:26 | ERROR    | task_2.py:122 | Error for Parmar Manish: '>' not supported between instances of 'str' and 'datetime.datetime'
Traceback (most recent call last):
  File "/home/kali/email-bot/task_2.py", line 85, in main
    if service.TEMPLATE_JOIN and join_time > last_run_time:
                                 ^^^^^^^^^^^^^^^^^^^^^^^^^
TypeError: '>' not supported between instances of 'str' and 'datetime.datetime'
2026-04-14 16:13:26 | ERROR    | task_2.py:122 | Error for Nitin Parmar: '>' not supported between instances of 'str' and 'datetime.datetime'
Traceback (most recent call last):
  File "/home/kali/email-bot/task_2.py", line 85, in main
    if service.TEMPLATE_JOIN and join_time > last_run_time:
                                 ^^^^^^^^^^^^^^^^^^^^^^^^^
TypeError: '>' not supported between instances of 'str' and 'datetime.datetime'
2026-04-14 16:13:26 | ERROR    | task_2.py:122 | Error for Nitin Parmar: '>' not supported between instances of 'str' and 'datetime.datetime'
Traceback (most recent call last):
  File "/home/kali/email-bot/task_2.py", line 85, in main
    if service.TEMPLATE_JOIN and join_time > last_run_time:
                                 ^^^^^^^^^^^^^^^^^^^^^^^^^
TypeError: '>' not supported between instances of 'str' and 'datetime.datetime'
2026-04-14 16:13:26 | ERROR    | task_2.py:122 | Error for Vyas Krut: '>' not supported between instances of 'str' and 'datetime.datetime'
Traceback (most recent call last):
  File "/home/kali/email-bot/task_2.py", line 85, in main
    if service.TEMPLATE_JOIN and join_time > last_run_time:
                                 ^^^^^^^^^^^^^^^^^^^^^^^^^
TypeError: '>' not supported between instances of 'str' and 'datetime.datetime'
2026-04-14 16:13:26 | ERROR    | task_2.py:122 | Error for Jaydeep: '>' not supported between instances of 'str' and 'datetime.datetime'
Traceback (most recent call last):
  File "/home/kali/email-bot/task_2.py", line 85, in main
    if service.TEMPLATE_JOIN and join_time > last_run_time:
                                 ^^^^^^^^^^^^^^^^^^^^^^^^^
TypeError: '>' not supported between instances of 'str' and 'datetime.datetime'
2026-04-14 16:13:26 | ERROR    | task_2.py:122 | Error for Saresa shreyansh: '>' not supported between instances of 'str' and 'datetime.datetime'
Traceback (most recent call last):
  File "/home/kali/email-bot/task_2.py", line 85, in main
    if service.TEMPLATE_JOIN and join_time > last_run_time:
                                 ^^^^^^^^^^^^^^^^^^^^^^^^^
TypeError: '>' not supported between instances of 'str' and 'datetime.datetime'
2026-04-14 16:13:26 | ERROR    | task_2.py:122 | Error for Ridham Parmar: '>' not supported between instances of 'str' and 'datetime.datetime'
Traceback (most recent call last):
  File "/home/kali/email-bot/task_2.py", line 85, in main
    if service.TEMPLATE_JOIN and join_time > last_run_time:
                                 ^^^^^^^^^^^^^^^^^^^^^^^^^
TypeError: '>' not supported between instances of 'str' and 'datetime.datetime'
2026-04-14 16:13:26 | ERROR    | task_2.py:122 | Error for Krutarth Jotangiya: '>' not supported between instances of 'str' and 'datetime.datetime'
Traceback (most recent call last):
  File "/home/kali/email-bot/task_2.py", line 85, in main
    if service.TEMPLATE_JOIN and join_time > last_run_time:
                                 ^^^^^^^^^^^^^^^^^^^^^^^^^
TypeError: '>' not supported between instances of 'str' and 'datetime.datetime'
2026-04-14 16:13:26 | ERROR    | task_2.py:122 | Error for Patadiya jenish: '>' not supported between instances of 'str' and 'datetime.datetime'
Traceback (most recent call last):
  File "/home/kali/email-bot/task_2.py", line 85, in main
    if service.TEMPLATE_JOIN and join_time > last_run_time:
                                 ^^^^^^^^^^^^^^^^^^^^^^^^^
TypeError: '>' not supported between instances of 'str' and 'datetime.datetime'
2026-04-14 16:13:26 | ERROR    | task_2.py:122 | Error for Harshad Parmar: '>' not supported between instances of 'str' and 'datetime.datetime'
Traceback (most recent call last):
  File "/home/kali/email-bot/task_2.py", line 85, in main
    if service.TEMPLATE_JOIN and join_time > last_run_time:
                                 ^^^^^^^^^^^^^^^^^^^^^^^^^
TypeError: '>' not supported between instances of 'str' and 'datetime.datetime'
2026-04-14 16:13:26 | ERROR    | task_2.py:122 | Error for Ashokbhai Parmar: '>' not supported between instances of 'str' and 'datetime.datetime'
Traceback (most recent call last):
  File "/home/kali/email-bot/task_2.py", line 85, in main
    if service.TEMPLATE_JOIN and join_time > last_run_time:
                                 ^^^^^^^^^^^^^^^^^^^^^^^^^
TypeError: '>' not supported between instances of 'str' and 'datetime.datetime'
2026-04-14 16:13:26 | ERROR    | task_2.py:122 | Error for Vivek Bhindora: '>' not supported between instances of 'str' and 'datetime.datetime'
Traceback (most recent call last):
  File "/home/kali/email-bot/task_2.py", line 85, in main
    if service.TEMPLATE_JOIN and join_time > last_run_time:
                                 ^^^^^^^^^^^^^^^^^^^^^^^^^
TypeError: '>' not supported between instances of 'str' and 'datetime.datetime'
2026-04-14 16:13:26 | ERROR    | task_2.py:122 | Error for Suthar parth: '>' not supported between instances of 'str' and 'datetime.datetime'
Traceback (most recent call last):
  File "/home/kali/email-bot/task_2.py", line 85, in main
    if service.TEMPLATE_JOIN and join_time > last_run_time:
                                 ^^^^^^^^^^^^^^^^^^^^^^^^^
TypeError: '>' not supported between instances of 'str' and 'datetime.datetime'
2026-04-14 16:13:26 | ERROR    | task_2.py:122 | Error for Dipali Parmar: '>' not supported between instances of 'str' and 'datetime.datetime'
Traceback (most recent call last):
  File "/home/kali/email-bot/task_2.py", line 85, in main
    if service.TEMPLATE_JOIN and join_time > last_run_time:
                                 ^^^^^^^^^^^^^^^^^^^^^^^^^
TypeError: '>' not supported between instances of 'str' and 'datetime.datetime'
2026-04-14 16:13:26 | ERROR    | task_2.py:122 | Error for Manthan Jivani: '>' not supported between instances of 'str' and 'datetime.datetime'
Traceback (most recent call last):
  File "/home/kali/email-bot/task_2.py", line 85, in main
    if service.TEMPLATE_JOIN and join_time > last_run_time:
                                 ^^^^^^^^^^^^^^^^^^^^^^^^^
TypeError: '>' not supported between instances of 'str' and 'datetime.datetime'
2026-04-14 16:13:26 | ERROR    | task_2.py:122 | Error for Akash Siddhpura: '>' not supported between instances of 'str' and 'datetime.datetime'
Traceback (most recent call last):
  File "/home/kali/email-bot/task_2.py", line 85, in main
    if service.TEMPLATE_JOIN and join_time > last_run_time:
                                 ^^^^^^^^^^^^^^^^^^^^^^^^^
TypeError: '>' not supported between instances of 'str' and 'datetime.datetime'
2026-04-14 16:13:26 | ERROR    | task_2.py:122 | Error for Heet Dervadiya: '>' not supported between instances of 'str' and 'datetime.datetime'
Traceback (most recent call last):
  File "/home/kali/email-bot/task_2.py", line 85, in main
    if service.TEMPLATE_JOIN and join_time > last_run_time:
                                 ^^^^^^^^^^^^^^^^^^^^^^^^^
TypeError: '>' not supported between instances of 'str' and 'datetime.datetime'
2026-04-14 16:13:26 | ERROR    | task_2.py:122 | Error for Bhagyashree Vaghela: '>' not supported between instances of 'str' and 'datetime.datetime'
Traceback (most recent call last):
  File "/home/kali/email-bot/task_2.py", line 85, in main
    if service.TEMPLATE_JOIN and join_time > last_run_time:
                                 ^^^^^^^^^^^^^^^^^^^^^^^^^
TypeError: '>' not supported between instances of 'str' and 'datetime.datetime'
2026-04-14 16:13:26 | ERROR    | task_2.py:122 | Error for Ridham Parmar: '>' not supported between instances of 'str' and 'datetime.datetime'
Traceback (most recent call last):
  File "/home/kali/email-bot/task_2.py", line 85, in main
    if service.TEMPLATE_JOIN and join_time > last_run_time:
                                 ^^^^^^^^^^^^^^^^^^^^^^^^^
TypeError: '>' not supported between instances of 'str' and 'datetime.datetime'
2026-04-14 16:13:26 | ERROR    | task_2.py:122 | Error for Man Makvana: '>' not supported between instances of 'str' and 'datetime.datetime'
Traceback (most recent call last):
  File "/home/kali/email-bot/task_2.py", line 85, in main
    if service.TEMPLATE_JOIN and join_time > last_run_time:
                                 ^^^^^^^^^^^^^^^^^^^^^^^^^
TypeError: '>' not supported between instances of 'str' and 'datetime.datetime'
2026-04-14 16:13:26 | ERROR    | task_2.py:122 | Error for Ridham Degda: '>' not supported between instances of 'str' and 'datetime.datetime'
Traceback (most recent call last):
  File "/home/kali/email-bot/task_2.py", line 85, in main
    if service.TEMPLATE_JOIN and join_time > last_run_time:
                                 ^^^^^^^^^^^^^^^^^^^^^^^^^
TypeError: '>' not supported between instances of 'str' and 'datetime.datetime'
2026-04-14 16:13:26 | ERROR    | task_2.py:122 | Error for Sarena Priyank Rajeshbhai: '>' not supported between instances of 'str' and 'datetime.datetime'
Traceback (most recent call last):
  File "/home/kali/email-bot/task_2.py", line 85, in main
    if service.TEMPLATE_JOIN and join_time > last_run_time:
                                 ^^^^^^^^^^^^^^^^^^^^^^^^^
TypeError: '>' not supported between instances of 'str' and 'datetime.datetime'
2026-04-14 16:13:26 | ERROR    | task_2.py:122 | Error for Shekhada preyash: '>' not supported between instances of 'str' and 'datetime.datetime'
Traceback (most recent call last):
  File "/home/kali/email-bot/task_2.py", line 85, in main
    if service.TEMPLATE_JOIN and join_time > last_run_time:
                                 ^^^^^^^^^^^^^^^^^^^^^^^^^
TypeError: '>' not supported between instances of 'str' and 'datetime.datetime'
2026-04-14 16:13:26 | ERROR    | task_2.py:122 | Error for Manan Vaghela: '>' not supported between instances of 'str' and 'datetime.datetime'
Traceback (most recent call last):
  File "/home/kali/email-bot/task_2.py", line 85, in main
    if service.TEMPLATE_JOIN and join_time > last_run_time:
                                 ^^^^^^^^^^^^^^^^^^^^^^^^^
TypeError: '>' not supported between instances of 'str' and 'datetime.datetime'
2026-04-14 16:13:26 | ERROR    | task_2.py:122 | Error for Manthan Jivani: '>' not supported between instances of 'str' and 'datetime.datetime'
Traceback (most recent call last):
  File "/home/kali/email-bot/task_2.py", line 85, in main
    if service.TEMPLATE_JOIN and join_time > last_run_time:
                                 ^^^^^^^^^^^^^^^^^^^^^^^^^
TypeError: '>' not supported between instances of 'str' and 'datetime.datetime'
2026-04-14 16:13:26 | ERROR    | task_2.py:122 | Error for Nitin Parmar: '>' not supported between instances of 'str' and 'datetime.datetime'
Traceback (most recent call last):
  File "/home/kali/email-bot/task_2.py", line 85, in main
    if service.TEMPLATE_JOIN and join_time > last_run_time:
                                 ^^^^^^^^^^^^^^^^^^^^^^^^^
TypeError: '>' not supported between instances of 'str' and 'datetime.datetime'
2026-04-14 16:13:26 | ERROR    | task_2.py:122 | Error for Ridham Parmar: '>' not supported between instances of 'str' and 'datetime.datetime'
Traceback (most recent call last):
  File "/home/kali/email-bot/task_2.py", line 85, in main
    if service.TEMPLATE_JOIN and join_time > last_run_time:
                                 ^^^^^^^^^^^^^^^^^^^^^^^^^
TypeError: '>' not supported between instances of 'str' and 'datetime.datetime'
2026-04-14 16:13:26 | ERROR    | task_2.py:122 | Error for Dipali Parmar H.: '>' not supported between instances of 'str' and 'datetime.datetime'
Traceback (most recent call last):
  File "/home/kali/email-bot/task_2.py", line 85, in main
    if service.TEMPLATE_JOIN and join_time > last_run_time:
                                 ^^^^^^^^^^^^^^^^^^^^^^^^^
TypeError: '>' not supported between instances of 'str' and 'datetime.datetime'
2026-04-14 16:13:26 | ERROR    | task_2.py:122 | Error for Modhavaniya Keval: '>' not supported between instances of 'str' and 'datetime.datetime'
Traceback (most recent call last):
  File "/home/kali/email-bot/task_2.py", line 85, in main
    if service.TEMPLATE_JOIN and join_time > last_run_time:
                                 ^^^^^^^^^^^^^^^^^^^^^^^^^
TypeError: '>' not supported between instances of 'str' and 'datetime.datetime'
2026-04-14 16:13:26 | ERROR    | task_2.py:122 | Error for Shivam Pithadiya: '>' not supported between instances of 'str' and 'datetime.datetime'
Traceback (most recent call last):
  File "/home/kali/email-bot/task_2.py", line 85, in main
    if service.TEMPLATE_JOIN and join_time > last_run_time:
                                 ^^^^^^^^^^^^^^^^^^^^^^^^^
TypeError: '>' not supported between instances of 'str' and 'datetime.datetime'
2026-04-14 16:46:53 | ERROR    | service.py:53 | Exception in Calender.py
Traceback (most recent call last):
  File "/home/kali/email-bot/venv/lib/python3.13/site-packages/urllib3/connection.py", line 204, in _new_conn
    sock = connection.create_connection(
        (self._dns_host, self.port),
    ...<2 lines>...
        socket_options=self.socket_options,
    )
  File "/home/kali/email-bot/venv/lib/python3.13/site-packages/urllib3/util/connection.py", line 60, in create_connection
    for res in socket.getaddrinfo(host, port, family, socket.SOCK_STREAM):
               ~~~~~~~~~~~~~~~~~~^^^^^^^^^^^^^^^^^^^^^^^^^^^^^^^^^^^^^^^^
  File "/usr/lib/python3.13/socket.py", line 977, in getaddrinfo
    for res in _socket.getaddrinfo(host, port, family, type, proto, flags):
               ~~~~~~~~~~~~~~~~~~~^^^^^^^^^^^^^^^^^^^^^^^^^^^^^^^^^^^^^^^^
socket.gaierror: [Errno -3] Temporary failure in name resolution

The above exception was the direct cause of the following exception:

Traceback (most recent call last):
  File "/home/kali/email-bot/venv/lib/python3.13/site-packages/urllib3/connectionpool.py", line 787, in urlopen
    response = self._make_request(
        conn,
    ...<10 lines>...
        **response_kw,
    )
  File "/home/kali/email-bot/venv/lib/python3.13/site-packages/urllib3/connectionpool.py", line 488, in _make_request
    raise new_e
  File "/home/kali/email-bot/venv/lib/python3.13/site-packages/urllib3/connectionpool.py", line 464, in _make_request
    self._validate_conn(conn)
    ~~~~~~~~~~~~~~~~~~~^^^^^^
  File "/home/kali/email-bot/venv/lib/python3.13/site-packages/urllib3/connectionpool.py", line 1093, in _validate_conn
    conn.connect()
    ~~~~~~~~~~~~^^
  File "/home/kali/email-bot/venv/lib/python3.13/site-packages/urllib3/connection.py", line 759, in connect
    self.sock = sock = self._new_conn()
                       ~~~~~~~~~~~~~~^^
  File "/home/kali/email-bot/venv/lib/python3.13/site-packages/urllib3/connection.py", line 211, in _new_conn
    raise NameResolutionError(self.host, self, e) from e
urllib3.exceptions.NameResolutionError: HTTPSConnection(host='calendar.google.com', port=443): Failed to resolve 'calendar.google.com' ([Errno -3] Temporary failure in name resolution)

The above exception was the direct cause of the following exception:

Traceback (most recent call last):
  File "/home/kali/email-bot/venv/lib/python3.13/site-packages/requests/adapters.py", line 645, in send
    resp = conn.urlopen(
        method=request.method,
    ...<9 lines>...
        chunked=chunked,
    )
  File "/home/kali/email-bot/venv/lib/python3.13/site-packages/urllib3/connectionpool.py", line 841, in urlopen
    retries = retries.increment(
        method, url, error=new_e, _pool=self, _stacktrace=sys.exc_info()[2]
    )
  File "/home/kali/email-bot/venv/lib/python3.13/site-packages/urllib3/util/retry.py", line 535, in increment
    raise MaxRetryError(_pool, url, reason) from reason  # type: ignore[arg-type]
    ^^^^^^^^^^^^^^^^^^^^^^^^^^^^^^^^^^^^^^^^^^^^^^^^^^^
urllib3.exceptions.MaxRetryError: HTTPSConnectionPool(host='calendar.google.com', port=443): Max retries exceeded with url: /calendar/ical/en.hinduism%23holiday%40group.v.calendar.google.com/public/basic.ics (Caused by NameResolutionError("HTTPSConnection(host='calendar.google.com', port=443): Failed to resolve 'calendar.google.com' ([Errno -3] Temporary failure in name resolution)"))

During handling of the above exception, another exception occurred:

Traceback (most recent call last):
  File "/home/kali/email-bot/service.py", line 49, in <module>
    main_()
    ~~~~~^^
  File "/home/kali/email-bot/Module/Calendar.py", line 47, in main_
    response = requests.get(url, timeout=30)
  File "/home/kali/email-bot/venv/lib/python3.13/site-packages/requests/api.py", line 73, in get
    return request("get", url, params=params, **kwargs)
  File "/home/kali/email-bot/venv/lib/python3.13/site-packages/requests/api.py", line 59, in request
    return session.request(method=method, url=url, **kwargs)
           ~~~~~~~~~~~~~~~^^^^^^^^^^^^^^^^^^^^^^^^^^^^^^^^^^
  File "/home/kali/email-bot/venv/lib/python3.13/site-packages/requests/sessions.py", line 592, in request
    resp = self.send(prep, **send_kwargs)
  File "/home/kali/email-bot/venv/lib/python3.13/site-packages/requests/sessions.py", line 706, in send
    r = adapter.send(request, **kwargs)
  File "/home/kali/email-bot/venv/lib/python3.13/site-packages/requests/adapters.py", line 678, in send
    raise ConnectionError(e, request=request)
requests.exceptions.ConnectionError: HTTPSConnectionPool(host='calendar.google.com', port=443): Max retries exceeded with url: /calendar/ical/en.hinduism%23holiday%40group.v.calendar.google.com/public/basic.ics (Caused by NameResolutionError("HTTPSConnection(host='calendar.google.com', port=443): Failed to resolve 'calendar.google.com' ([Errno -3] Temporary failure in name resolution)"))
